Using pre-set license
Built from '2021.2/release' branch; Version is '2021.2.0f1 (4bf1ec4b23c9) revision 4977132'; Using compiler version '192829333'; Build Type 'Release'
OS: 'Windows 10 Home; OS build 19043.1348; Version 2009; 64bit' Language: 'es' Physical Memory: 16316 MB
BatchMode: 1, IsHumanControllingUs: 0, StartBugReporterOnCrash: 0, Is64bit: 1, IsPro: 0

COMMAND LINE ARGUMENTS:
C:\Users\victo\Documents\UnityEditores\2021.2.0f1\Editor\Unity.exe
-adb2
-batchMode
-noUpm
-name
AssetImportWorker0
-projectPath
C:/Users/victo/Documents/Programacion/Programacion/Tec/Multiagentes/Forza6/Forza6
-logFile
Logs/AssetImportWorker0.log
-srvPort
52883
Successfully changed project path to: C:/Users/victo/Documents/Programacion/Programacion/Tec/Multiagentes/Forza6/Forza6
C:/Users/victo/Documents/Programacion/Programacion/Tec/Multiagentes/Forza6/Forza6
[UnityMemory] Configuration Parameters - Can be set up in boot.config
    "memorysetup-bucket-allocator-granularity=16"
    "memorysetup-bucket-allocator-bucket-count=8"
    "memorysetup-bucket-allocator-block-size=33554432"
    "memorysetup-bucket-allocator-block-count=8"
    "memorysetup-main-allocator-block-size=16777216"
    "memorysetup-thread-allocator-block-size=16777216"
    "memorysetup-gfx-main-allocator-block-size=16777216"
    "memorysetup-gfx-thread-allocator-block-size=16777216"
    "memorysetup-cache-allocator-block-size=4194304"
    "memorysetup-typetree-allocator-block-size=2097152"
    "memorysetup-profiler-bucket-allocator-granularity=16"
    "memorysetup-profiler-bucket-allocator-bucket-count=8"
    "memorysetup-profiler-bucket-allocator-block-size=33554432"
    "memorysetup-profiler-bucket-allocator-block-count=8"
    "memorysetup-profiler-allocator-block-size=16777216"
    "memorysetup-profiler-editor-allocator-block-size=1048576"
    "memorysetup-temp-allocator-size-main=16777216"
    "memorysetup-job-temp-allocator-block-size=2097152"
    "memorysetup-job-temp-allocator-block-size-background=1048576"
    "memorysetup-job-temp-allocator-reduction-small-platforms=262144"
    "memorysetup-temp-allocator-size-background-worker=32768"
    "memorysetup-temp-allocator-size-job-worker=262144"
    "memorysetup-temp-allocator-size-preload-manager=33554432"
    "memorysetup-temp-allocator-size-nav-mesh-worker=65536"
    "memorysetup-temp-allocator-size-audio-worker=65536"
    "memorysetup-temp-allocator-size-cloud-worker=32768"
    "memorysetup-temp-allocator-size-gi-baking-worker=262144"
    "memorysetup-temp-allocator-size-gfx=262144"
Refreshing native plugins compatible for Editor in 75.94 ms, found 3 plugins.
Preloading 0 native plugins for Editor in 0.00 ms.
Initialize engine version: 2021.2.0f1 (4bf1ec4b23c9)
[Subsystems] Discovering subsystems at path C:/Users/victo/Documents/UnityEditores/2021.2.0f1/Editor/Data/Resources/UnitySubsystems
[Subsystems] Discovering subsystems at path C:/Users/victo/Documents/Programacion/Programacion/Tec/Multiagentes/Forza6/Forza6/Assets
GfxDevice: creating device client; threaded=0; jobified=0
Direct3D:
    Version:  Direct3D 11.0 [level 11.1]
    Renderer: NVIDIA GeForce GTX 1660 (ID=0x2184)
    Vendor:   NVIDIA
    VRAM:     5991 MB
    Driver:   30.0.14.9613
Initialize mono
Mono path[0] = 'C:/Users/victo/Documents/UnityEditores/2021.2.0f1/Editor/Data/Managed'
Mono path[1] = 'C:/Users/victo/Documents/UnityEditores/2021.2.0f1/Editor/Data/MonoBleedingEdge/lib/mono/unityjit-win32'
Mono config path = 'C:/Users/victo/Documents/UnityEditores/2021.2.0f1/Editor/Data/MonoBleedingEdge/etc'
Using monoOptions --debugger-agent=transport=dt_socket,embedding=1,server=y,suspend=n,address=127.0.0.1:56584
Begin MonoManager ReloadAssembly
Registering precompiled unity dll's ...
Register platform support module: C:/Users/victo/Documents/UnityEditores/2021.2.0f1/Editor/Data/PlaybackEngines/WebGLSupport/UnityEditor.WebGL.Extensions.dll
Register platform support module: C:/Users/victo/Documents/UnityEditores/2021.2.0f1/Editor/Data/PlaybackEngines/WindowsStandaloneSupport/UnityEditor.WindowsStandalone.Extensions.dll
Registered in 0.010567 seconds.
Native extension for WindowsStandalone target not found
Native extension for WebGL target not found
Refreshing native plugins compatible for Editor in 81.11 ms, found 3 plugins.
Preloading 0 native plugins for Editor in 0.00 ms.
Mono: successfully reloaded assembly
- Completed reload, in  0.931 seconds
Domain Reload Profiling:
	ReloadAssembly (931ms)
		BeginReloadAssembly (69ms)
			ExecutionOrderSort (0ms)
			DisableScriptedObjects (0ms)
			BackupInstance (0ms)
			ReleaseScriptingObjects (0ms)
			CreateAndSetChildDomain (1ms)
		EndReloadAssembly (493ms)
			LoadAssemblies (67ms)
			RebuildTransferFunctionScriptingTraits (0ms)
			SetupTypeCache (113ms)
			ReleaseScriptCaches (0ms)
			RebuildScriptCaches (30ms)
			SetupLoadedEditorAssemblies (296ms)
				LogAssemblyErrors (0ms)
				InitializePlatformSupportModulesInManaged (10ms)
				SetLoadedEditorAssemblies (0ms)
				RefreshPlugins (81ms)
				BeforeProcessingInitializeOnLoad (1ms)
				ProcessInitializeOnLoadAttributes (154ms)
				ProcessInitializeOnLoadMethodAttributes (49ms)
				AfterProcessingInitializeOnLoad (0ms)
				EditorAssembliesLoaded (0ms)
			ExecutionOrderSort2 (0ms)
			AwakeInstancesAfterBackupRestoration (0ms)
Platform modules already initialized, skipping
Registering precompiled user dll's ...
Registered in 0.006567 seconds.
Begin MonoManager ReloadAssembly
Symbol file LoadedFromMemory doesn't match image C:\Users\victo\Documents\Programacion\Programacion\Tec\Multiagentes\Forza6\Forza6\Library\PackageCache\com.unity.visualscripting@1.7.2\Editor\VisualScripting.Core\Dependencies\YamlDotNet\Unity.VisualScripting.YamlDotNet.dll
Symbol file LoadedFromMemory doesn't match image C:\Users\victo\Documents\Programacion\Programacion\Tec\Multiagentes\Forza6\Forza6\Library\PackageCache\com.unity.visualscripting@1.7.2\Editor\VisualScripting.Core\Dependencies\DotNetZip\Unity.VisualScripting.IonicZip.dll
Native extension for WindowsStandalone target not found
Native extension for WebGL target not found
Refreshing native plugins compatible for Editor in 0.76 ms, found 3 plugins.
Preloading 0 native plugins for Editor in 0.00 ms.
Mono: successfully reloaded assembly
- Completed reload, in  1.007 seconds
Domain Reload Profiling:
	ReloadAssembly (1008ms)
		BeginReloadAssembly (159ms)
			ExecutionOrderSort (0ms)
			DisableScriptedObjects (5ms)
			BackupInstance (0ms)
			ReleaseScriptingObjects (0ms)
			CreateAndSetChildDomain (18ms)
		EndReloadAssembly (760ms)
			LoadAssemblies (68ms)
			RebuildTransferFunctionScriptingTraits (0ms)
			SetupTypeCache (207ms)
			ReleaseScriptCaches (1ms)
			RebuildScriptCaches (55ms)
			SetupLoadedEditorAssemblies (334ms)
				LogAssemblyErrors (0ms)
				InitializePlatformSupportModulesInManaged (15ms)
				SetLoadedEditorAssemblies (0ms)
				RefreshPlugins (1ms)
				BeforeProcessingInitializeOnLoad (71ms)
				ProcessInitializeOnLoadAttributes (218ms)
				ProcessInitializeOnLoadMethodAttributes (20ms)
				AfterProcessingInitializeOnLoad (8ms)
				EditorAssembliesLoaded (0ms)
			ExecutionOrderSort2 (0ms)
			AwakeInstancesAfterBackupRestoration (6ms)
Platform modules already initialized, skipping
========================================================================
Worker process is ready to serve import requests
Launched and connected shader compiler UnityShaderCompiler.exe after 0.08 seconds
Refreshing native plugins compatible for Editor in 0.77 ms, found 3 plugins.
Preloading 0 native plugins for Editor in 0.00 ms.
Unloading 3078 Unused Serialized files (Serialized files now loaded: 0)
Unloading 23 unused Assets / (55.7 KB). Loaded Objects now: 3540.
Memory consumption went from 114.2 MB to 114.2 MB.
Total: 3.070300 ms (FindLiveObjects: 0.303000 ms CreateObjectMapping: 0.384100 ms MarkObjects: 2.307600 ms  DeleteObjects: 0.074100 ms)

AssetImportParameters requested are different than current active one (requested -> active):
  custom:video-decoder-ogg-theora: a1e56fd34408186e4bbccfd4996cb3dc -> 
  custom:container-muxer-webm: aa71ff27fc2769a1b78a27578f13a17b -> 
  custom:container-demuxer-webm: 4f35f7cbe854078d1ac9338744f61a02 -> 
  custom:video-encoder-webm-vp8: eb34c28f22e8b96e1ab97ce403110664 -> 
  custom:audio-encoder-webm-vorbis: bf7c407c2cedff20999df2af8eb42d56 -> 
  custom:framework-win-MediaFoundation: 216162199b28c13a410421893ffa2e32 -> 
  custom:container-demuxer-ogg: 62fdf1f143b41e24485cea50d1cbac27 -> 
  custom:video-decoder-webm-vp8: 9c59270c3fd7afecdb556c50c9e8de78 -> 
  custom:audio-decoder-ogg-vorbis: bf7c407c2cedff20999df2af8eb42d56 -> 
========================================================================
Received Import Request.
  Time since last request: 8328.863575 seconds.
  path: Assets/Imported/BrokenVector/LowPolyRoadPack/Prefabs/Freeway Straight 1.prefab
  artifactKey: Guid(ad182cc030f80d2418924040efeaaedb) Importer(815301076,1909f56bfc062723c751e8b465ee728b)
Start importing Assets/Imported/BrokenVector/LowPolyRoadPack/Prefabs/Freeway Straight 1.prefab using Guid(ad182cc030f80d2418924040efeaaedb) Importer(815301076,1909f56bfc062723c751e8b465ee728b)  -> (artifact id: '730d0db439104a2110d1e93bf465ca68') in 0.157947 seconds 
========================================================================
Received Import Request.
  Time since last request: 0.000024 seconds.
  path: Assets/Imported/BrokenVector/LowPolyRoadPack/Prefabs/Freeway Join Road.prefab
  artifactKey: Guid(b74054c7819af8a458ae5a11853280ac) Importer(815301076,1909f56bfc062723c751e8b465ee728b)
Start importing Assets/Imported/BrokenVector/LowPolyRoadPack/Prefabs/Freeway Join Road.prefab using Guid(b74054c7819af8a458ae5a11853280ac) Importer(815301076,1909f56bfc062723c751e8b465ee728b)  -> (artifact id: 'd0ec18d78da66c9a2354e951d039da99') in 0.021211 seconds 
========================================================================
Received Import Request.
  Time since last request: 0.000052 seconds.
  path: Assets/Imported/BrokenVector/LowPolyRoadPack/Prefabs/SingleLane End.prefab
  artifactKey: Guid(fc2ff23d1db8b1445bbc99fccb47754c) Importer(815301076,1909f56bfc062723c751e8b465ee728b)
Start importing Assets/Imported/BrokenVector/LowPolyRoadPack/Prefabs/SingleLane End.prefab using Guid(fc2ff23d1db8b1445bbc99fccb47754c) Importer(815301076,1909f56bfc062723c751e8b465ee728b)  -> (artifact id: 'dc26b3591369bdb82fdcf6b4772f1e96') in 0.013698 seconds 
========================================================================
Received Import Request.
  Time since last request: 0.000039 seconds.
  path: Assets/Imported/BrokenVector/LowPolyRoadPack/Prefabs/Parkinglot Edge 1.prefab
  artifactKey: Guid(3851756c71fc60741a0f9a8b4cf1a908) Importer(815301076,1909f56bfc062723c751e8b465ee728b)
Start importing Assets/Imported/BrokenVector/LowPolyRoadPack/Prefabs/Parkinglot Edge 1.prefab using Guid(3851756c71fc60741a0f9a8b4cf1a908) Importer(815301076,1909f56bfc062723c751e8b465ee728b)  -> (artifact id: '21d5e8661ae471dc88a68dcdc26810b8') in 0.012895 seconds 
========================================================================
Received Import Request.
  Time since last request: 0.000033 seconds.
  path: Assets/Imported/BrokenVector/LowPolyRoadPack/Prefabs/Road Lift Highway.prefab
  artifactKey: Guid(fc9bdb938304f4e45bc5977a6f3058df) Importer(815301076,1909f56bfc062723c751e8b465ee728b)
Start importing Assets/Imported/BrokenVector/LowPolyRoadPack/Prefabs/Road Lift Highway.prefab using Guid(fc9bdb938304f4e45bc5977a6f3058df) Importer(815301076,1909f56bfc062723c751e8b465ee728b)  -> (artifact id: 'dfc484c8dcba7e2116efe5965c82f6b7') in 0.013784 seconds 
========================================================================
Received Import Request.
  Time since last request: 0.000021 seconds.
  path: Assets/Imported/BrokenVector/LowPolyRoadPack/Prefabs/Freeway Cross Road.prefab
  artifactKey: Guid(7ff5db574d5d2df479ee7bae7f713787) Importer(815301076,1909f56bfc062723c751e8b465ee728b)
Start importing Assets/Imported/BrokenVector/LowPolyRoadPack/Prefabs/Freeway Cross Road.prefab using Guid(7ff5db574d5d2df479ee7bae7f713787) Importer(815301076,1909f56bfc062723c751e8b465ee728b)  -> (artifact id: 'd47cdbc02ad60419ac98993981753e07') in 0.012671 seconds 
========================================================================
Received Import Request.
  Time since last request: 0.000026 seconds.
  path: Assets/Imported/BrokenVector/LowPolyRoadPack/Prefabs/Freeway Join Freeway 1.prefab
  artifactKey: Guid(0956ca3f790e2b44eabfe04ddcb999f7) Importer(815301076,1909f56bfc062723c751e8b465ee728b)
Start importing Assets/Imported/BrokenVector/LowPolyRoadPack/Prefabs/Freeway Join Freeway 1.prefab using Guid(0956ca3f790e2b44eabfe04ddcb999f7) Importer(815301076,1909f56bfc062723c751e8b465ee728b)  -> (artifact id: 'a627b13da739097a09781040f6fff024') in 0.015000 seconds 
========================================================================
Received Import Request.
  Time since last request: 0.000025 seconds.
  path: Assets/Imported/BrokenVector/LowPolyRoadPack/Prefabs/Freeway S-Curve.prefab
  artifactKey: Guid(b21431263a66fd84ebb8c5a9f3e51709) Importer(815301076,1909f56bfc062723c751e8b465ee728b)
Start importing Assets/Imported/BrokenVector/LowPolyRoadPack/Prefabs/Freeway S-Curve.prefab using Guid(b21431263a66fd84ebb8c5a9f3e51709) Importer(815301076,1909f56bfc062723c751e8b465ee728b)  -> (artifact id: 'ddbcf3cab63edf997d6522d77e4da5d7') in 0.013853 seconds 
========================================================================
Received Import Request.
  Time since last request: 0.000022 seconds.
  path: Assets/Imported/BrokenVector/LowPolyRoadPack/Prefabs/Road Join SIngleLane.prefab
  artifactKey: Guid(8820d45b6122a1a44b6d1a75e97a5127) Importer(815301076,1909f56bfc062723c751e8b465ee728b)
Start importing Assets/Imported/BrokenVector/LowPolyRoadPack/Prefabs/Road Join SIngleLane.prefab using Guid(8820d45b6122a1a44b6d1a75e97a5127) Importer(815301076,1909f56bfc062723c751e8b465ee728b)  -> (artifact id: '9105a154440584153092150a4a67ac77') in 0.015903 seconds 
========================================================================
Received Import Request.
  Time since last request: 0.000042 seconds.
  path: Assets/Imported/BrokenVector/LowPolyRoadPack/Prefabs/Highway Straight 4.prefab
  artifactKey: Guid(3981927452c32484d9640b2bf295fc6c) Importer(815301076,1909f56bfc062723c751e8b465ee728b)
Start importing Assets/Imported/BrokenVector/LowPolyRoadPack/Prefabs/Highway Straight 4.prefab using Guid(3981927452c32484d9640b2bf295fc6c) Importer(815301076,1909f56bfc062723c751e8b465ee728b)  -> (artifact id: '18aac50d9bb95e147df4fdd2b0f54484') in 0.014101 seconds 
========================================================================
Received Import Request.
  Time since last request: 0.000021 seconds.
  path: Assets/Imported/BrokenVector/LowPolyRoadPack/Prefabs/Parkinglot Edge 4.prefab
  artifactKey: Guid(4d2cdf2836f78914f85386a10cd7db79) Importer(815301076,1909f56bfc062723c751e8b465ee728b)
Start importing Assets/Imported/BrokenVector/LowPolyRoadPack/Prefabs/Parkinglot Edge 4.prefab using Guid(4d2cdf2836f78914f85386a10cd7db79) Importer(815301076,1909f56bfc062723c751e8b465ee728b)  -> (artifact id: '2096d559961cc64ba7422dac9b15228f') in 0.013903 seconds 
========================================================================
Received Import Request.
  Time since last request: 0.000017 seconds.
  path: Assets/Imported/BrokenVector/LowPolyRoadPack/Prefabs/Freeway Curve 1.prefab
  artifactKey: Guid(6373f7d3f749b254081c2c8c9372face) Importer(815301076,1909f56bfc062723c751e8b465ee728b)
Start importing Assets/Imported/BrokenVector/LowPolyRoadPack/Prefabs/Freeway Curve 1.prefab using Guid(6373f7d3f749b254081c2c8c9372face) Importer(815301076,1909f56bfc062723c751e8b465ee728b)  -> (artifact id: '4b8d837054317140792d4b69b82a7348') in 0.014371 seconds 
========================================================================
Received Import Request.
  Time since last request: 0.000023 seconds.
  path: Assets/Imported/BrokenVector/LowPolyRoadPack/Prefabs/Freeway Lift Highway.prefab
  artifactKey: Guid(401d27194e0344948b125cf0483f7637) Importer(815301076,1909f56bfc062723c751e8b465ee728b)
Start importing Assets/Imported/BrokenVector/LowPolyRoadPack/Prefabs/Freeway Lift Highway.prefab using Guid(401d27194e0344948b125cf0483f7637) Importer(815301076,1909f56bfc062723c751e8b465ee728b)  -> (artifact id: '214e731b835d0396d518584bbaecf554') in 0.013647 seconds 
========================================================================
Received Import Request.
  Time since last request: 0.000031 seconds.
  path: Assets/Imported/BrokenVector/LowPolyRoadPack/Prefabs/Highway Straight 2.prefab
  artifactKey: Guid(260ff3c3667b2bd4f82382b31d2ef823) Importer(815301076,1909f56bfc062723c751e8b465ee728b)
Start importing Assets/Imported/BrokenVector/LowPolyRoadPack/Prefabs/Highway Straight 2.prefab using Guid(260ff3c3667b2bd4f82382b31d2ef823) Importer(815301076,1909f56bfc062723c751e8b465ee728b)  -> (artifact id: '866ebcaf82f923dc80e5d4b9719cc631') in 0.014165 seconds 
========================================================================
Received Import Request.
  Time since last request: 0.000019 seconds.
  path: Assets/Imported/BrokenVector/LowPolyRoadPack/Prefabs/Road S-Curve.prefab
  artifactKey: Guid(70accd32f42b80b40a1a83ef93f9b293) Importer(815301076,1909f56bfc062723c751e8b465ee728b)
Start importing Assets/Imported/BrokenVector/LowPolyRoadPack/Prefabs/Road S-Curve.prefab using Guid(70accd32f42b80b40a1a83ef93f9b293) Importer(815301076,1909f56bfc062723c751e8b465ee728b)  -> (artifact id: '32a44f250cdf026bcded321d3cc2608d') in 0.015285 seconds 
========================================================================
Received Import Request.
  Time since last request: 0.000021 seconds.
  path: Assets/Imported/BrokenVector/LowPolyRoadPack/Prefabs/Road Looping.prefab
  artifactKey: Guid(ecf4e1c9068d83f4d9d991b1c0903616) Importer(815301076,1909f56bfc062723c751e8b465ee728b)
Start importing Assets/Imported/BrokenVector/LowPolyRoadPack/Prefabs/Road Looping.prefab using Guid(ecf4e1c9068d83f4d9d991b1c0903616) Importer(815301076,1909f56bfc062723c751e8b465ee728b)  -> (artifact id: '921ff5fda2b05a07bc62f7d221a3c593') in 0.013940 seconds 
========================================================================
Received Import Request.
  Time since last request: 0.000025 seconds.
  path: Assets/Imported/BrokenVector/LowPolyRoadPack/Prefabs/Road Curve.prefab
  artifactKey: Guid(834e3b05077e0b445961489bb25da1c7) Importer(815301076,1909f56bfc062723c751e8b465ee728b)
Start importing Assets/Imported/BrokenVector/LowPolyRoadPack/Prefabs/Road Curve.prefab using Guid(834e3b05077e0b445961489bb25da1c7) Importer(815301076,1909f56bfc062723c751e8b465ee728b)  -> (artifact id: '9eba7f8e01d6df6bad9131f21d819236') in 0.015236 seconds 
========================================================================
Received Import Request.
  Time since last request: 0.000019 seconds.
  path: Assets/Imported/BrokenVector/LowPolyRoadPack/Prefabs/Car 1.prefab
  artifactKey: Guid(9c91ecea7f7dce04facaeb11c977e102) Importer(815301076,1909f56bfc062723c751e8b465ee728b)
Start importing Assets/Imported/BrokenVector/LowPolyRoadPack/Prefabs/Car 1.prefab using Guid(9c91ecea7f7dce04facaeb11c977e102) Importer(815301076,1909f56bfc062723c751e8b465ee728b)  -> (artifact id: 'e4047d7f76e231a9e6dec6a323c28602') in 0.019292 seconds 
========================================================================
Received Import Request.
  Time since last request: 0.000020 seconds.
  path: Assets/Imported/BrokenVector/LowPolyRoadPack/Prefabs/Parkinglot Corner 3.prefab
  artifactKey: Guid(0dd93b050725d874f92e2caeffb53367) Importer(815301076,1909f56bfc062723c751e8b465ee728b)
Start importing Assets/Imported/BrokenVector/LowPolyRoadPack/Prefabs/Parkinglot Corner 3.prefab using Guid(0dd93b050725d874f92e2caeffb53367) Importer(815301076,1909f56bfc062723c751e8b465ee728b)  -> (artifact id: '3aeeef1622146d370a3c949594297a41') in 0.012801 seconds 
========================================================================
Received Import Request.
  Time since last request: 0.000020 seconds.
  path: Assets/Imported/BrokenVector/LowPolyRoadPack/Prefabs/SingleLane Join SingleLane.prefab
  artifactKey: Guid(82697fef831cee04ab4411218e725f9f) Importer(815301076,1909f56bfc062723c751e8b465ee728b)
Start importing Assets/Imported/BrokenVector/LowPolyRoadPack/Prefabs/SingleLane Join SingleLane.prefab using Guid(82697fef831cee04ab4411218e725f9f) Importer(815301076,1909f56bfc062723c751e8b465ee728b)  -> (artifact id: '7471bfbca6b76cbdb3b200dd2625ef42') in 0.015138 seconds 
========================================================================
Received Import Request.
  Time since last request: 0.000024 seconds.
  path: Assets/Imported/BrokenVector/LowPolyRoadPack/Prefabs/Highway Straight 1.prefab
  artifactKey: Guid(b5baae8b9b6343c4484a2886ccff5179) Importer(815301076,1909f56bfc062723c751e8b465ee728b)
Start importing Assets/Imported/BrokenVector/LowPolyRoadPack/Prefabs/Highway Straight 1.prefab using Guid(b5baae8b9b6343c4484a2886ccff5179) Importer(815301076,1909f56bfc062723c751e8b465ee728b)  -> (artifact id: '861c91ab7ed0d0970cb240f9f6cf275d') in 0.014419 seconds 
========================================================================
Received Import Request.
  Time since last request: 0.000022 seconds.
  path: Assets/Imported/BrokenVector/LowPolyRoadPack/Prefabs/Highway Cross Freeway.prefab
  artifactKey: Guid(d1e269106cb165145985fd4f36cd816f) Importer(815301076,1909f56bfc062723c751e8b465ee728b)
Start importing Assets/Imported/BrokenVector/LowPolyRoadPack/Prefabs/Highway Cross Freeway.prefab using Guid(d1e269106cb165145985fd4f36cd816f) Importer(815301076,1909f56bfc062723c751e8b465ee728b)  -> (artifact id: '2c15b526a3115076f5ac64385cf3938c') in 0.018295 seconds 
========================================================================
Received Import Request.
  Time since last request: 0.000021 seconds.
  path: Assets/Imported/BrokenVector/LowPolyRoadPack/Prefabs/Freeway Curve 2.prefab
  artifactKey: Guid(d2b4c92a59cf1a441bf008ca26395efa) Importer(815301076,1909f56bfc062723c751e8b465ee728b)
Start importing Assets/Imported/BrokenVector/LowPolyRoadPack/Prefabs/Freeway Curve 2.prefab using Guid(d2b4c92a59cf1a441bf008ca26395efa) Importer(815301076,1909f56bfc062723c751e8b465ee728b)  -> (artifact id: '22aa28a5a40fb6ac56e8d9326cc02462') in 0.014493 seconds 
========================================================================
Received Import Request.
  Time since last request: 0.000020 seconds.
  path: Assets/Imported/BrokenVector/LowPolyRoadPack/Prefabs/Freeway Straight 2.prefab
  artifactKey: Guid(ea8ec36c7f9b40f4faa40bf80afec5a3) Importer(815301076,1909f56bfc062723c751e8b465ee728b)
Start importing Assets/Imported/BrokenVector/LowPolyRoadPack/Prefabs/Freeway Straight 2.prefab using Guid(ea8ec36c7f9b40f4faa40bf80afec5a3) Importer(815301076,1909f56bfc062723c751e8b465ee728b)  -> (artifact id: '6e1e3c488aa2db702ba3fbb710939aba') in 0.013874 seconds 
========================================================================
Received Import Request.
  Time since last request: 0.000018 seconds.
  path: Assets/Imported/BrokenVector/LowPolyRoadPack/Prefabs/Road Straight 3.prefab
  artifactKey: Guid(43678520060fa5e42add8825ab61da06) Importer(815301076,1909f56bfc062723c751e8b465ee728b)
Start importing Assets/Imported/BrokenVector/LowPolyRoadPack/Prefabs/Road Straight 3.prefab using Guid(43678520060fa5e42add8825ab61da06) Importer(815301076,1909f56bfc062723c751e8b465ee728b)  -> (artifact id: 'a0fa09e807a3e1d9b4b3447188d42032') in 0.014915 seconds 
========================================================================
Received Import Request.
  Time since last request: 0.000017 seconds.
  path: Assets/Imported/BrokenVector/LowPolyRoadPack/Prefabs/Highway S-Curve.prefab
  artifactKey: Guid(c551be7c89271e44c8a795eff4869f62) Importer(815301076,1909f56bfc062723c751e8b465ee728b)
Start importing Assets/Imported/BrokenVector/LowPolyRoadPack/Prefabs/Highway S-Curve.prefab using Guid(c551be7c89271e44c8a795eff4869f62) Importer(815301076,1909f56bfc062723c751e8b465ee728b)  -> (artifact id: '22d46e7593eb79490a26d67195a212c1') in 0.013685 seconds 
========================================================================
Received Import Request.
  Time since last request: 0.000025 seconds.
  path: Assets/Imported/BrokenVector/LowPolyRoadPack/Prefabs/SingleLane Curve.prefab
  artifactKey: Guid(12f915ef0d4a22244967366bf9764406) Importer(815301076,1909f56bfc062723c751e8b465ee728b)
Start importing Assets/Imported/BrokenVector/LowPolyRoadPack/Prefabs/SingleLane Curve.prefab using Guid(12f915ef0d4a22244967366bf9764406) Importer(815301076,1909f56bfc062723c751e8b465ee728b)  -> (artifact id: '138911d327267fc8f19387c45154d689') in 0.013947 seconds 
========================================================================
Received Import Request.
  Time since last request: 0.000026 seconds.
  path: Assets/Imported/BrokenVector/LowPolyRoadPack/Prefabs/Highway Bridge 1.prefab
  artifactKey: Guid(8d7240f2f0843e442b11595c5465dbf7) Importer(815301076,1909f56bfc062723c751e8b465ee728b)
Start importing Assets/Imported/BrokenVector/LowPolyRoadPack/Prefabs/Highway Bridge 1.prefab using Guid(8d7240f2f0843e442b11595c5465dbf7) Importer(815301076,1909f56bfc062723c751e8b465ee728b)  -> (artifact id: 'cc2d76970dccd2a5e245242673aa70b7') in 0.015419 seconds 
========================================================================
Received Import Request.
  Time since last request: 30.247435 seconds.
  path: Assets/Imported/BrokenVector/LowPolyRoadPack/Prefabs/Car 2.prefab
  artifactKey: Guid(8a6f09027b5c26b4b8d2f6d00dbce6d1) Importer(815301076,1909f56bfc062723c751e8b465ee728b)
Start importing Assets/Imported/BrokenVector/LowPolyRoadPack/Prefabs/Car 2.prefab using Guid(8a6f09027b5c26b4b8d2f6d00dbce6d1) Importer(815301076,1909f56bfc062723c751e8b465ee728b)  -> (artifact id: 'fb53b3bd2162ad73a22d9c551b4d5fb1') in 0.018029 seconds 
========================================================================
Received Import Request.
  Time since last request: 696.478900 seconds.
  path: Assets/Imported/Pablo Ernesto Assets/Low Poly Pixelated Beetle Car/Models/beetle.fbx
  artifactKey: Guid(89c84ee7ff316b6448cf86eece4a9ca7) Importer(815301076,1909f56bfc062723c751e8b465ee728b)
Start importing Assets/Imported/Pablo Ernesto Assets/Low Poly Pixelated Beetle Car/Models/beetle.fbx using Guid(89c84ee7ff316b6448cf86eece4a9ca7) Importer(815301076,1909f56bfc062723c751e8b465ee728b)  -> (artifact id: '81361daf752d265dbfe8850819ad9ef1') in 0.116533 seconds 
========================================================================
Received Import Request.
  Time since last request: 0.000022 seconds.
  path: Assets/Imported/BrokenVector/LowPolyRoadPack/Demo/Landscape/Houses.001.dae
  artifactKey: Guid(5040aa18d61033e489ea9265c4f2cca4) Importer(815301076,1909f56bfc062723c751e8b465ee728b)
Start importing Assets/Imported/BrokenVector/LowPolyRoadPack/Demo/Landscape/Houses.001.dae using Guid(5040aa18d61033e489ea9265c4f2cca4) Importer(815301076,1909f56bfc062723c751e8b465ee728b)  -> (artifact id: 'c625d6cc4a28a30c902d35fd017d637e') in 0.032805 seconds 
========================================================================
Received Import Request.
  Time since last request: 0.000024 seconds.
  path: Assets/Imported/BrokenVector/LowPolyRoadPack/Demo/Landscape/Houses.012.dae
  artifactKey: Guid(51f7d944b367bb94abd599e0af5cf265) Importer(815301076,1909f56bfc062723c751e8b465ee728b)
Start importing Assets/Imported/BrokenVector/LowPolyRoadPack/Demo/Landscape/Houses.012.dae using Guid(51f7d944b367bb94abd599e0af5cf265) Importer(815301076,1909f56bfc062723c751e8b465ee728b)  -> (artifact id: 'd139c80bcded962a06ffe7ae745998ce') in 0.025326 seconds 
========================================================================
Received Import Request.
  Time since last request: 0.000026 seconds.
  path: Assets/Imported/BrokenVector/LowPolyRoadPack/Models/Highway Straight 3.dae
  artifactKey: Guid(236b6964c04aad0409d80ab50c92d8d3) Importer(815301076,1909f56bfc062723c751e8b465ee728b)
Start importing Assets/Imported/BrokenVector/LowPolyRoadPack/Models/Highway Straight 3.dae using Guid(236b6964c04aad0409d80ab50c92d8d3) Importer(815301076,1909f56bfc062723c751e8b465ee728b)  -> (artifact id: 'e1701f51ac4391e89b571cf655f99f89') in 0.022446 seconds 
========================================================================
Received Import Request.
  Time since last request: 0.000017 seconds.
  path: Assets/Imported/BrokenVector/LowPolyRoadPack/Models/Freeway Curve 2.dae
  artifactKey: Guid(d2b804c3ccb706e469c72128589fb32c) Importer(815301076,1909f56bfc062723c751e8b465ee728b)
Start importing Assets/Imported/BrokenVector/LowPolyRoadPack/Models/Freeway Curve 2.dae using Guid(d2b804c3ccb706e469c72128589fb32c) Importer(815301076,1909f56bfc062723c751e8b465ee728b)  -> (artifact id: '47d0c957a7b7efb5ce4467018009432c') in 0.022524 seconds 
========================================================================
Received Import Request.
  Time since last request: 0.000022 seconds.
  path: Assets/Imported/BrokenVector/LowPolyRoadPack/Models/Highway Straight 1.dae
  artifactKey: Guid(ef63e826ce0e5e94fa9002fc1c038b66) Importer(815301076,1909f56bfc062723c751e8b465ee728b)
Start importing Assets/Imported/BrokenVector/LowPolyRoadPack/Models/Highway Straight 1.dae using Guid(ef63e826ce0e5e94fa9002fc1c038b66) Importer(815301076,1909f56bfc062723c751e8b465ee728b)  -> (artifact id: '0ef7868a0435d59a40a959c3ee606b39') in 0.018738 seconds 
========================================================================
Received Import Request.
  Time since last request: 0.000027 seconds.
  path: Assets/Imported/ModularLowpolyStreetsFree/FBX/Other.fbx
  artifactKey: Guid(1ee711c742045db4b974dba96af4d48d) Importer(815301076,1909f56bfc062723c751e8b465ee728b)
Start importing Assets/Imported/ModularLowpolyStreetsFree/FBX/Other.fbx using Guid(1ee711c742045db4b974dba96af4d48d) Importer(815301076,1909f56bfc062723c751e8b465ee728b)  -> (artifact id: 'fa11c9c2ba77d7843c74681b72eec0af') in 0.156141 seconds 
========================================================================
Received Import Request.
  Time since last request: 0.000023 seconds.
  path: Assets/Imported/BrokenVector/LowPolyRoadPack/Models/Parkinglot Corner 2.dae
  artifactKey: Guid(e7dfa1315d7d3164fb4e39956f2357ee) Importer(815301076,1909f56bfc062723c751e8b465ee728b)
Start importing Assets/Imported/BrokenVector/LowPolyRoadPack/Models/Parkinglot Corner 2.dae using Guid(e7dfa1315d7d3164fb4e39956f2357ee) Importer(815301076,1909f56bfc062723c751e8b465ee728b)  -> (artifact id: 'ee7eab018152b5a1b7b238e5f2219ccf') in 0.017713 seconds 
========================================================================
Received Import Request.
  Time since last request: 0.000032 seconds.
  path: Assets/Imported/BrokenVector/LowPolyRoadPack/Models/Parkinglot Center 1.dae
  artifactKey: Guid(ea3f0b0f36c78ca4282e2e49f378cef1) Importer(815301076,1909f56bfc062723c751e8b465ee728b)
Start importing Assets/Imported/BrokenVector/LowPolyRoadPack/Models/Parkinglot Center 1.dae using Guid(ea3f0b0f36c78ca4282e2e49f378cef1) Importer(815301076,1909f56bfc062723c751e8b465ee728b)  -> (artifact id: 'd2c3e5f53156987248273375545b6aa3') in 0.017814 seconds 
========================================================================
Received Import Request.
  Time since last request: 0.000019 seconds.
  path: Assets/Imported/BrokenVector/LowPolyRoadPack/Models/Car 1.dae
  artifactKey: Guid(26e8d194fbf5bca409d8e2a931e7a028) Importer(815301076,1909f56bfc062723c751e8b465ee728b)
Start importing Assets/Imported/BrokenVector/LowPolyRoadPack/Models/Car 1.dae using Guid(26e8d194fbf5bca409d8e2a931e7a028) Importer(815301076,1909f56bfc062723c751e8b465ee728b)  -> (artifact id: '525887131c55c7170ebb79a7c99cd08f') in 0.064059 seconds 
========================================================================
Received Import Request.
  Time since last request: 0.000021 seconds.
  path: Assets/Imported/BrokenVector/LowPolyRoadPack/Models/Freeway Lift Highway.dae
  artifactKey: Guid(2357264b94c408a409585f9979a3990c) Importer(815301076,1909f56bfc062723c751e8b465ee728b)
Start importing Assets/Imported/BrokenVector/LowPolyRoadPack/Models/Freeway Lift Highway.dae using Guid(2357264b94c408a409585f9979a3990c) Importer(815301076,1909f56bfc062723c751e8b465ee728b)  -> (artifact id: '1de9c17431c0a77b0fb809eecf0308f0') in 0.021138 seconds 
========================================================================
Received Import Request.
  Time since last request: 0.000026 seconds.
  path: Assets/Imported/BrokenVector/LowPolyRoadPack/Models/Highway Bridge 2.dae
  artifactKey: Guid(306a3142baf3c0f48acf183ab9a53a05) Importer(815301076,1909f56bfc062723c751e8b465ee728b)
Start importing Assets/Imported/BrokenVector/LowPolyRoadPack/Models/Highway Bridge 2.dae using Guid(306a3142baf3c0f48acf183ab9a53a05) Importer(815301076,1909f56bfc062723c751e8b465ee728b)  -> (artifact id: '0782dad86d88316eaa1b53818f1f928f') in 0.016478 seconds 
========================================================================
Received Import Request.
  Time since last request: 0.000035 seconds.
  path: Assets/Imported/BrokenVector/LowPolyRoadPack/Models/Freeway S-Curve.dae
  artifactKey: Guid(a6f8c6c7f9b109c45b54b4ea3ab2256b) Importer(815301076,1909f56bfc062723c751e8b465ee728b)
Start importing Assets/Imported/BrokenVector/LowPolyRoadPack/Models/Freeway S-Curve.dae using Guid(a6f8c6c7f9b109c45b54b4ea3ab2256b) Importer(815301076,1909f56bfc062723c751e8b465ee728b)  -> (artifact id: 'e874c602360360f2baaa9b33cd70b099') in 0.018653 seconds 
========================================================================
Received Import Request.
  Time since last request: 0.000019 seconds.
  path: Assets/Imported/BrokenVector/LowPolyRoadPack/Models/Car 2.dae
  artifactKey: Guid(77034832b22fef34387efcaeb7127eaa) Importer(815301076,1909f56bfc062723c751e8b465ee728b)
Start importing Assets/Imported/BrokenVector/LowPolyRoadPack/Models/Car 2.dae using Guid(77034832b22fef34387efcaeb7127eaa) Importer(815301076,1909f56bfc062723c751e8b465ee728b)  -> (artifact id: '99ce3835a235e78818b9467dc4061d4d') in 0.056541 seconds 
========================================================================
Received Import Request.
  Time since last request: 0.000059 seconds.
  path: Assets/Imported/BrokenVector/LowPolyRoadPack/Models/Freeway Join Freeway 1.dae
  artifactKey: Guid(18532e9f65bee84488936fca5f9fe8c9) Importer(815301076,1909f56bfc062723c751e8b465ee728b)
Start importing Assets/Imported/BrokenVector/LowPolyRoadPack/Models/Freeway Join Freeway 1.dae using Guid(18532e9f65bee84488936fca5f9fe8c9) Importer(815301076,1909f56bfc062723c751e8b465ee728b)  -> (artifact id: '768dced84e54bb85e93076162075e4e4') in 0.015363 seconds 
========================================================================
Received Import Request.
  Time since last request: 0.000030 seconds.
  path: Assets/Imported/Cartoon Vehicles/Meshes/HI-ACE.FBX
  artifactKey: Guid(d86c58861451584468848fca293b4784) Importer(815301076,1909f56bfc062723c751e8b465ee728b)
Start importing Assets/Imported/Cartoon Vehicles/Meshes/HI-ACE.FBX using Guid(d86c58861451584468848fca293b4784) Importer(815301076,1909f56bfc062723c751e8b465ee728b)  -> (artifact id: '5260305c328fb8b92c40e771d13e1109') in 0.075430 seconds 
========================================================================
Received Import Request.
  Time since last request: 0.000049 seconds.
  path: Assets/Imported/BrokenVector/LowPolyRoadPack/Models/Highway Join Highway 1.dae
  artifactKey: Guid(a17f37812c6482942b2b08f8a4b9d2c4) Importer(815301076,1909f56bfc062723c751e8b465ee728b)
Start importing Assets/Imported/BrokenVector/LowPolyRoadPack/Models/Highway Join Highway 1.dae using Guid(a17f37812c6482942b2b08f8a4b9d2c4) Importer(815301076,1909f56bfc062723c751e8b465ee728b)  -> (artifact id: 'fbfe545ff8db1d6daad6cc0bdcf43161') in 0.019001 seconds 
========================================================================
Received Import Request.
  Time since last request: 0.000022 seconds.
  path: Assets/Imported/ModularLowpolyStreetsFree/FBX/Nature.fbx
  artifactKey: Guid(71b44a86250cd7c4e9a9975b56b36bb3) Importer(815301076,1909f56bfc062723c751e8b465ee728b)
Start importing Assets/Imported/ModularLowpolyStreetsFree/FBX/Nature.fbx using Guid(71b44a86250cd7c4e9a9975b56b36bb3) Importer(815301076,1909f56bfc062723c751e8b465ee728b)  -> (artifact id: '333573cdb2e91582db4c50803a35410f') in 0.046758 seconds 
========================================================================
Received Import Request.
  Time since last request: 0.000023 seconds.
  path: Assets/Imported/BrokenVector/LowPolyRoadPack/Models/Parkinglot Center 3.dae
  artifactKey: Guid(84f030ebdfeda2448bc8b294323ceeec) Importer(815301076,1909f56bfc062723c751e8b465ee728b)
Start importing Assets/Imported/BrokenVector/LowPolyRoadPack/Models/Parkinglot Center 3.dae using Guid(84f030ebdfeda2448bc8b294323ceeec) Importer(815301076,1909f56bfc062723c751e8b465ee728b)  -> (artifact id: 'c9d33c07092dc23d5e10f5d92ee516ea') in 0.021862 seconds 
========================================================================
Received Import Request.
  Time since last request: 0.000023 seconds.
  path: Assets/Imported/Cartoon Vehicles/Meshes/env.FBX
  artifactKey: Guid(5ca926eb20e1a3b458d527657f9e3154) Importer(815301076,1909f56bfc062723c751e8b465ee728b)
Start importing Assets/Imported/Cartoon Vehicles/Meshes/env.FBX using Guid(5ca926eb20e1a3b458d527657f9e3154) Importer(815301076,1909f56bfc062723c751e8b465ee728b)  -> (artifact id: 'fbcaa6e1085206e642f7e2969d889525') in 0.021532 seconds 
========================================================================
Received Import Request.
  Time since last request: 0.000023 seconds.
  path: Assets/Imported/BrokenVector/LowPolyRoadPack/Demo/Landscape/Houses.002.dae
  artifactKey: Guid(e9374469e886d8649b6b92c468834057) Importer(815301076,1909f56bfc062723c751e8b465ee728b)
Start importing Assets/Imported/BrokenVector/LowPolyRoadPack/Demo/Landscape/Houses.002.dae using Guid(e9374469e886d8649b6b92c468834057) Importer(815301076,1909f56bfc062723c751e8b465ee728b)  -> (artifact id: '0989ecb9b52ee8b5da0d60e07e185720') in 0.020678 seconds 
========================================================================
Received Import Request.
  Time since last request: 0.000026 seconds.
  path: Assets/Imported/Cartoon Vehicles/Meshes/CAR GREEN.FBX
  artifactKey: Guid(9596ea9a6f5b9a748b156619841de332) Importer(815301076,1909f56bfc062723c751e8b465ee728b)
Start importing Assets/Imported/Cartoon Vehicles/Meshes/CAR GREEN.FBX using Guid(9596ea9a6f5b9a748b156619841de332) Importer(815301076,1909f56bfc062723c751e8b465ee728b)  -> (artifact id: '7b617be646416d1a5e121ec4630c2c13') in 0.066928 seconds 
========================================================================
Received Import Request.
  Time since last request: 0.000023 seconds.
  path: Assets/Imported/BrokenVector/LowPolyRoadPack/Demo/Landscape/Houses.010.dae
  artifactKey: Guid(960597deba6aae644952d370b3c462a6) Importer(815301076,1909f56bfc062723c751e8b465ee728b)
Start importing Assets/Imported/BrokenVector/LowPolyRoadPack/Demo/Landscape/Houses.010.dae using Guid(960597deba6aae644952d370b3c462a6) Importer(815301076,1909f56bfc062723c751e8b465ee728b)  -> (artifact id: '8353750700ad2abef611bc7b921798af') in 0.018728 seconds 
